[0.241s] Invoking command in '/home/maira/ros2_ws/src/behavior_tree': PS1=(env) \[\e]0;\u@\h: \w\a\]${debian_chroot:+($debian_chroot)}\[\033[01;32m\]\u@\h\[\033[00m\]:\[\033[01;34m\]\w\[\033[00m\]\$ PYTEST_ADDOPTS=--tb=short --junit-xml=/home/maira/ros2_ws/src/behavior_tree/build/behavior_tree/pytest.xml --junit-prefix=behavior_tree -o cache_dir=/home/maira/ros2_ws/src/behavior_tree/build/behavior_tree/.pytest_cache PYTHONDONTWRITEBYTECODE=1 VIRTUAL_ENV_PROMPT=(env) /usr/bin/python3 -m pytest
[0.822s] [1m============================= test session starts ==============================[0m
[0.822s] platform linux -- Python 3.10.12, pytest-6.2.5, py-1.10.0, pluggy-0.13.0
[0.828s] cachedir: build/behavior_tree/.pytest_cache
[0.828s] rootdir: /home/maira/ros2_ws/src/behavior_tree
[0.828s] plugins: ament-lint-0.12.10, ament-copyright-0.12.10, ament-flake8-0.12.10, launch-testing-1.0.5, ament-pep257-0.12.10, ament-xmllint-0.12.10, launch-testing-ros-0.19.7, anyio-4.4.0, repeat-0.9.1, rerunfailures-10.2, cov-3.0.0, colcon-core-0.16.0, timeout-2.1.0, mock-3.6.1
[0.912s] [1mcollecting ... [0m[1m
[0.912s] collected 3 items                                                              [0m
[0.912s] 
[0.917s] test/test_copyright.py [33ms[0m[32m                                                 [ 33%][0m
[1.182s] test/test_flake8.py [31mF[0m[31m                                                    [ 66%][0m
[1.245s] test/test_pep257.py [31mF[0m[31m                                                    [100%][0m
[1.245s] 
[1.245s] =================================== FAILURES ===================================
[1.245s] [31m[1m_________________________________ test_flake8 __________________________________[0m
[1.245s] [1m[31mtest/test_flake8.py[0m:23: in test_flake8
[1.291s]     [94massert[39;49;00m rc == [94m0[39;49;00m, \
[1.292s] [1m[31mE   AssertionError: Found 82 code style errors / warnings:[0m
[1.292s] [1m[31mE     ./behavior_tree/state_machine1.py:1:1: E266 too many leading '#' for block comment[0m
[1.292s] [1m[31mE     ./behavior_tree/state_machine1.py:2:1: E266 too many leading '#' for block comment[0m
[1.292s] [1m[31mE     ./behavior_tree/state_machine1.py:7:1: F401 'rclpy.parameter.Parameter' imported but unused[0m
[1.293s] [1m[31mE     ./behavior_tree/state_machine1.py:7:1: I100 Import statements are in the wrong order. 'from rclpy.parameter import Parameter' should be before 'import smach'[0m
[1.293s] [1m[31mE     ./behavior_tree/state_machine1.py:8:1: I100 Import statements are in the wrong order. 'from rclpy.node import Node' should be before 'from rclpy.parameter import Parameter'[0m
[1.293s] [1m[31mE     ./behavior_tree/state_machine1.py:9:1: F401 'std_msgs.msg.String' imported but unused[0m
[1.294s] [1m[31mE     ./behavior_tree/state_machine1.py:10:1: I100 Import statements are in the wrong order. 'from std_msgs.msg import Float32' should be before 'from std_msgs.msg import String'[0m
[1.294s] [1m[31mE     ./behavior_tree/state_machine1.py:11:1: I100 Import statements are in the wrong order. 'from sensor_msgs.msg import LaserScan' should be before 'from std_msgs.msg import Float32'[0m
[1.294s] [1m[31mE     ./behavior_tree/state_machine1.py:12:1: I100 Import statements are in the wrong order. 'from geometry_msgs.msg import Twist' should be before 'from sensor_msgs.msg import LaserScan'[0m
[1.294s] [1m[31mE     ./behavior_tree/state_machine1.py:13:1: F401 'yaml' imported but unused[0m
[1.294s] [1m[31mE     ./behavior_tree/state_machine1.py:14:1: F401 'time' imported but unused[0m
[1.294s] [1m[31mE     ./behavior_tree/state_machine1.py:14:1: I100 Import statements are in the wrong order. 'import time' should be before 'import yaml' and in a different group.[0m
[1.294s] [1m[31mE     ./behavior_tree/state_machine1.py:14:1: I201 Missing newline between import groups. 'import time' is identified as Stdlib and 'import yaml' is identified as Third Party.[0m
[1.295s] [1m[31mE     ./behavior_tree/state_machine1.py:18:1: E302 expected 2 blank lines, found 1[0m
[1.295s] [1m[31mE     ./behavior_tree/state_machine1.py:19:1: D200 One-line docstring should fit on one line with quotes[0m
[1.295s] [1m[31mE     ./behavior_tree/state_machine1.py:19:1: D204 1 blank line required after class docstring[0m
[1.295s] [1m[31mE     ./behavior_tree/state_machine1.py:19:1: D400 First line should end with a period[0m
[1.295s] [1m[31mE     ./behavior_tree/state_machine1.py:24:1: W293 blank line contains whitespace[0m
[1.295s] [1m[31mE     ./behavior_tree/state_machine1.py:25:82: W291 trailing whitespace[0m
[1.295s] [1m[31mE     ./behavior_tree/state_machine1.py:26:82: W291 trailing whitespace[0m
[1.295s] [1m[31mE     ./behavior_tree/state_machine1.py:28:1: W293 blank line contains whitespace[0m
[1.295s] [1m[31mE     ./behavior_tree/state_machine1.py:34:1: W293 blank line contains whitespace[0m
[1.295s] [1m[31mE     ./behavior_tree/state_machine1.py:35:100: E501 line too long (107 > 99 characters)[0m
[1.295s] [1m[31mE     ./behavior_tree/state_machine1.py:37:100: E501 line too long (112 > 99 characters)[0m
[1.295s] [1m[31mE     ./behavior_tree/state_machine1.py:39:1: W293 blank line contains whitespace[0m
[1.295s] [1m[31mE     ./behavior_tree/state_machine1.py:44:1: W293 blank line contains whitespace[0m
[1.295s] [1m[31mE     ./behavior_tree/state_machine1.py:46:100: E501 line too long (104 > 99 characters)[0m
[1.296s] [1m[31mE     ./behavior_tree/state_machine1.py:53:5: E301 expected 1 blank line, found 0[0m
[1.296s] [1m[31mE     ./behavior_tree/state_machine1.py:75:1: W293 blank line contains whitespace[0m
[1.296s] [1m[31mE     ./behavior_tree/state_machine1.py:78:1: W293 blank line contains whitespace[0m
[1.296s] [1m[31mE     ./behavior_tree/state_machine1.py:81:100: E501 line too long (102 > 99 characters)[0m
[1.296s] [1m[31mE     ./behavior_tree/state_machine1.py:82:1: W293 blank line contains whitespace[0m
[1.296s] [1m[31mE     ./behavior_tree/state_machine1.py:89:1: W293 blank line contains whitespace[0m
[1.296s] [1m[31mE     ./behavior_tree/state_machine1.py:93:1: E303 too many blank lines (4)[0m
[1.296s] [1m[31mE     ./behavior_tree/state_machine1.py:94:1: D200 One-line docstring should fit on one line with quotes[0m
[1.296s] [1m[31mE     ./behavior_tree/state_machine1.py:94:1: D204 1 blank line required after class docstring[0m
[1.296s] [1m[31mE     ./behavior_tree/state_machine1.py:94:1: D400 First line should end with a period[0m
[1.296s] [1m[31mE     ./behavior_tree/state_machine1.py:99:1: W293 blank line contains whitespace[0m
[1.296s] [1m[31mE     ./behavior_tree/state_machine1.py:101:60: W291 trailing whitespace[0m
[1.296s] [1m[31mE     ./behavior_tree/state_machine1.py:107:1: W293 blank line contains whitespace[0m
[1.296s] [1m[31mE     ./behavior_tree/state_machine1.py:111:1: W293 blank line contains whitespace[0m
[1.297s] [1m[31mE     ./behavior_tree/state_machine1.py:115:1: W293 blank line contains whitespace[0m
[1.297s] [1m[31mE     ./behavior_tree/state_machine1.py:123:1: W293 blank line contains whitespace[0m
[1.297s] [1m[31mE     ./behavior_tree/state_machine1.py:127:1: W293 blank line contains whitespace[0m
[1.297s] [1m[31mE     ./behavior_tree/state_machine1.py:132:1: D200 One-line docstring should fit on one line with quotes[0m
[1.297s] [1m[31mE     ./behavior_tree/state_machine1.py:132:1: D204 1 blank line required after class docstring[0m
[1.297s] [1m[31mE     ./behavior_tree/state_machine1.py:132:1: D400 First line should end with a period[0m
[1.297s] [1m[31mE     ./behavior_tree/state_machine1.py:138:1: W293 blank line contains whitespace[0m
[1.297s] [1m[31mE     ./behavior_tree/state_machine1.py:139:77: W291 trailing whitespace[0m
[1.297s] [1m[31mE     ./behavior_tree/state_machine1.py:140:60: W291 trailing whitespace[0m
[1.297s] [1m[31mE     ./behavior_tree/state_machine1.py:145:1: W293 blank line contains whitespace[0m
[1.297s] [1m[31mE     ./behavior_tree/state_machine1.py:151:1: W293 blank line contains whitespace[0m
[1.297s] [1m[31mE     ./behavior_tree/state_machine1.py:156:100: E501 line too long (101 > 99 characters)[0m
[1.297s] [1m[31mE     ./behavior_tree/state_machine1.py:157:10: W291 trailing whitespace[0m
[1.298s] [1m[31mE     ./behavior_tree/state_machine1.py:158:100: E501 line too long (109 > 99 characters)[0m
[1.298s] [1m[31mE     ./behavior_tree/state_machine1.py:170:1: W293 blank line contains whitespace[0m
[1.298s] [1m[31mE     ./behavior_tree/state_machine1.py:175:1: W293 blank line contains whitespace[0m
[1.298s] [1m[31mE     ./behavior_tree/state_machine1.py:180:1: E266 too many leading '#' for block comment[0m
[1.298s] [1m[31mE     ./behavior_tree/state_machine1.py:183:1: D200 One-line docstring should fit on one line with quotes[0m
[1.298s] [1m[31mE     ./behavior_tree/state_machine1.py:183:1: D202 No blank lines allowed after function docstring[0m
[1.298s] [1m[31mE     ./behavior_tree/state_machine1.py:183:1: D400 First line should end with a period[0m
[1.298s] [1m[31mE     ./behavior_tree/state_machine1.py:183:1: D401 First line should be in imperative mood; try rephrasing[0m
[1.298s] [1m[31mE     ./behavior_tree/state_machine1.py:188:1: W293 blank line contains whitespace[0m
[1.298s] [1m[31mE     ./behavior_tree/state_machine1.py:198:1: W293 blank line contains whitespace[0m
[1.298s] [1m[31mE     ./behavior_tree/state_machine1.py:200:26: E128 continuation line under-indented for visual indent[0m
[1.298s] [1m[31mE     ./behavior_tree/state_machine1.py:203:1: W293 blank line contains whitespace[0m
[1.299s] [1m[31mE     ./behavior_tree/state_machine1.py:205:26: E128 continuation line under-indented for visual indent[0m
[1.299s] [1m[31mE     ./behavior_tree/state_machine1.py:206:1: W293 blank line contains whitespace[0m
[1.299s] [1m[31mE     ./behavior_tree/state_machine1.py:208:26: E128 continuation line under-indented for visual indent[0m
[1.299s] [1m[31mE     ./behavior_tree/state_machine1.py:211:5: F841 local variable 'outcome' is assigned to but never used[0m
[1.299s] [1m[31mE     ./behavior_tree/state_machine1.py:215:1: W293 blank line contains whitespace[0m
[1.299s] [1m[31mE     ./behavior_tree/state_machine1.py:218:1: E305 expected 2 blank lines after class or function definition, found 1[0m
[1.299s] [1m[31mE     ./behavior_tree/state_machine1.py:218:16: Q000 Double quotes found but single quotes preferred[0m
[1.299s] [1m[31mE     ./behavior_tree/state_machine1.py:219:11: W292 no newline at end of file[0m
[1.299s] [1m[31mE     ./behavior_tree/test.py:3:1: F401 'state_machine1.RotateBase' imported but unused[0m
[1.299s] [1m[31mE     ./behavior_tree/test.py:3:1: F401 'state_machine1.StopMotion' imported but unused[0m
[1.299s] [1m[31mE     ./behavior_tree/test.py:3:1: I201 Missing newline between import groups. 'from state_machine1 import MonitorBatteryAndCollision, RotateBase, StopMotion' is identified as Third Party and 'from unittest.mock import MagicMock' is identified as Stdlib.[0m
[1.299s] [1m[31mE     ./behavior_tree/test.py:5:1: E302 expected 2 blank lines, found 1[0m
[1.299s] [1m[31mE     ./behavior_tree/test.py:6:1: CNL100 Class definition does not have a new line.[0m
[1.299s] [1m[31mE     ./behavior_tree/test.py:19:1: W293 blank line contains whitespace[0m
[1.299s] [1m[31mE     ./behavior_tree/test.py:23:1: W293 blank line contains whitespace[0m
[1.299s] [1m[31mE     ./behavior_tree/test.py:49:1: E305 expected 2 blank lines after class or function definition, found 1[0m
[1.300s] [1m[31mE   assert 1 == 0[0m
[1.300s] ----------------------------- Captured stdout call -----------------------------
[1.300s] 
[1.300s] ./behavior_tree/state_machine1.py:1:1: E266 too many leading '#' for block comment
[1.300s] ### Implement the safety functionalities for the Robile by setting up
[1.300s] ^
[1.300s] 
[1.300s] ./behavior_tree/state_machine1.py:2:1: E266 too many leading '#' for block comment
[1.300s] ### a state machine and implementing all required states here
[1.300s] ^
[1.300s] 
[1.300s] ./behavior_tree/state_machine1.py:7:1: F401 'rclpy.parameter.Parameter' imported but unused
[1.300s] from rclpy.parameter import Parameter
[1.300s] ^
[1.300s] 
[1.300s] ./behavior_tree/state_machine1.py:7:1: I100 Import statements are in the wrong order. 'from rclpy.parameter import Parameter' should be before 'import smach'
[1.300s] from rclpy.parameter import Parameter
[1.301s] ^
[1.301s] 
[1.301s] ./behavior_tree/state_machine1.py:8:1: I100 Import statements are in the wrong order. 'from rclpy.node import Node' should be before 'from rclpy.parameter import Parameter'
[1.301s] from rclpy.node import Node
[1.301s] ^
[1.301s] 
[1.301s] ./behavior_tree/state_machine1.py:9:1: F401 'std_msgs.msg.String' imported but unused
[1.301s] from std_msgs.msg import String
[1.301s] ^
[1.301s] 
[1.301s] ./behavior_tree/state_machine1.py:10:1: I100 Import statements are in the wrong order. 'from std_msgs.msg import Float32' should be before 'from std_msgs.msg import String'
[1.301s] from std_msgs.msg import Float32
[1.301s] ^
[1.301s] 
[1.301s] ./behavior_tree/state_machine1.py:11:1: I100 Import statements are in the wrong order. 'from sensor_msgs.msg import LaserScan' should be before 'from std_msgs.msg import Float32'
[1.302s] from sensor_msgs.msg import LaserScan
[1.302s] ^
[1.302s] 
[1.302s] ./behavior_tree/state_machine1.py:12:1: I100 Import statements are in the wrong order. 'from geometry_msgs.msg import Twist' should be before 'from sensor_msgs.msg import LaserScan'
[1.302s] from geometry_msgs.msg import Twist
[1.302s] ^
[1.302s] 
[1.302s] ./behavior_tree/state_machine1.py:13:1: F401 'yaml' imported but unused
[1.302s] import yaml
[1.302s] ^
[1.302s] 
[1.302s] ./behavior_tree/state_machine1.py:14:1: F401 'time' imported but unused
[1.302s] import time
[1.302s] ^
[1.302s] 
[1.303s] ./behavior_tree/state_machine1.py:14:1: I100 Import statements are in the wrong order. 'import time' should be before 'import yaml' and in a different group.
[1.303s] import time
[1.303s] ^
[1.303s] 
[1.303s] ./behavior_tree/state_machine1.py:14:1: I201 Missing newline between import groups. 'import time' is identified as Stdlib and 'import yaml' is identified as Third Party.
[1.303s] import time
[1.303s] ^
[1.303s] 
[1.303s] ./behavior_tree/state_machine1.py:18:1: E302 expected 2 blank lines, found 1
[1.303s] class MonitorBatteryAndCollision(smach.State):
[1.303s] ^
[1.303s] 
[1.303s] ./behavior_tree/state_machine1.py:19:1: D200 One-line docstring should fit on one line with quotes
[1.303s]     """State to monitor the battery level and possible collisions
[1.303s]     """
[1.303s] ^
[1.303s] 
[1.304s] ./behavior_tree/state_machine1.py:19:1: D204 1 blank line required after class docstring
[1.304s]     """State to monitor the battery level and possible collisions
[1.304s]     """
[1.304s] ^
[1.304s] 
[1.304s] ./behavior_tree/state_machine1.py:19:1: D400 First line should end with a period
[1.304s]     """State to monitor the battery level and possible collisions
[1.304s]     """
[1.304s] ^
[1.304s] 
[1.304s] ./behavior_tree/state_machine1.py:24:1: W293 blank line contains whitespace
[1.304s]         
[1.304s] ^
[1.304s] 
[1.305s] ./behavior_tree/state_machine1.py:25:82: W291 trailing whitespace
[1.305s]         smach.State.__init__(self, outcomes=['low_battery', 'collision', 'safe'], 
[1.305s]                                                                                  ^
[1.305s] 
[1.305s] ./behavior_tree/state_machine1.py:26:82: W291 trailing whitespace
[1.305s]                              output_keys=['battery_level', 'collision_detected'], 
[1.305s]                                                                                  ^
[1.306s] 
[1.306s] ./behavior_tree/state_machine1.py:28:1: W293 blank line contains whitespace
[1.306s]         
[1.306s] ^
[1.306s] 
[1.306s] ./behavior_tree/state_machine1.py:34:1: W293 blank line contains whitespace
[1.306s]         
[1.306s] ^
[1.306s] 
[1.306s] ./behavior_tree/state_machine1.py:35:100: E501 line too long (107 > 99 characters)
[1.306s]         self.collision_sub = self.node.create_subscription(LaserScan, '/scan', self.collision_callback, 10)
[1.306s]                                                                                                    ^
[1.306s] 
[1.307s] ./behavior_tree/state_machine1.py:37:100: E501 line too long (112 > 99 characters)
[1.307s] #         self.battery_sub = self.node.create_subscription(Float32, '/battery_level', self.battery_callback, 10)
[1.307s]                                                                                                    ^
[1.307s] 
[1.307s] ./behavior_tree/state_machine1.py:39:1: W293 blank line contains whitespace
[1.307s]         
[1.307s] ^
[1.307s] 
[1.307s] ./behavior_tree/state_machine1.py:44:1: W293 blank line contains whitespace
[1.307s]     
[1.307s] ^
[1.307s] 
[1.307s] ./behavior_tree/state_machine1.py:46:100: E501 line too long (104 > 99 characters)
[1.307s]         # Check if any laser scan reading is below a certain threshold, indicating a potential collision
[1.307s]                                                                                                    ^
[1.308s] 
[1.308s] ./behavior_tree/state_machine1.py:53:5: E301 expected 1 blank line, found 0
[1.308s]     def execute(self, userdata):
[1.308s]     ^
[1.308s] 
[1.308s] ./behavior_tree/state_machine1.py:75:1: W293 blank line contains whitespace
[1.308s]         
[1.308s] ^
[1.308s] 
[1.308s] ./behavior_tree/state_machine1.py:78:1: W293 blank line contains whitespace
[1.308s]         
[1.308s] ^
[1.308s] 
[1.308s] ./behavior_tree/state_machine1.py:81:100: E501 line too long (102 > 99 characters)
[1.308s]             self.node.set_parameters([rclpy.parameter.Parameter(name='collision_reset', value=False)])
[1.309s]                                                                                                    ^
[1.309s] 
[1.309s] ./behavior_tree/state_machine1.py:82:1: W293 blank line contains whitespace
[1.309s]         
[1.309s] ^
[1.309s] 
[1.309s] ./behavior_tree/state_machine1.py:89:1: W293 blank line contains whitespace
[1.309s]     
[1.309s] ^
[1.309s] 
[1.309s] ./behavior_tree/state_machine1.py:93:1: E303 too many blank lines (4)
[1.309s] class RotateBase(smach.State):
[1.309s] ^
[1.309s] 
[1.310s] ./behavior_tree/state_machine1.py:94:1: D200 One-line docstring should fit on one line with quotes
[1.310s]     """State to rotate the Robile base
[1.310s]     """
[1.310s] ^
[1.310s] 
[1.310s] ./behavior_tree/state_machine1.py:94:1: D204 1 blank line required after class docstring
[1.310s]     """State to rotate the Robile base
[1.310s]     """
[1.310s] ^
[1.310s] 
[1.310s] ./behavior_tree/state_machine1.py:94:1: D400 First line should end with a period
[1.310s]     """State to rotate the Robile base
[1.310s]     """
[1.310s] ^
[1.310s] 
[1.310s] ./behavior_tree/state_machine1.py:99:1: W293 blank line contains whitespace
[1.310s]         
[1.311s] ^
[1.311s] 
[1.311s] ./behavior_tree/state_machine1.py:101:60: W291 trailing whitespace
[1.311s]         smach.State.__init__(self, outcomes=['battery_ok'], 
[1.311s]                                                            ^
[1.311s] 
[1.311s] ./behavior_tree/state_machine1.py:107:1: W293 blank line contains whitespace
[1.311s]         
[1.311s] ^
[1.311s] 
[1.311s] ./behavior_tree/state_machine1.py:111:1: W293 blank line contains whitespace
[1.311s]         
[1.311s] ^
[1.311s] 
[1.311s] ./behavior_tree/state_machine1.py:115:1: W293 blank line contains whitespace
[1.311s]         
[1.312s] ^
[1.312s] 
[1.312s] ./behavior_tree/state_machine1.py:123:1: W293 blank line contains whitespace
[1.312s]         
[1.312s] ^
[1.312s] 
[1.312s] ./behavior_tree/state_machine1.py:127:1: W293 blank line contains whitespace
[1.312s]         
[1.312s] ^
[1.312s] 
[1.312s] ./behavior_tree/state_machine1.py:132:1: D200 One-line docstring should fit on one line with quotes
[1.312s]     """State to stop the robot's motion
[1.312s]     """
[1.312s] ^
[1.312s] 
[1.312s] ./behavior_tree/state_machine1.py:132:1: D204 1 blank line required after class docstring
[1.312s]     """State to stop the robot's motion
[1.313s]     """
[1.313s] ^
[1.313s] 
[1.313s] ./behavior_tree/state_machine1.py:132:1: D400 First line should end with a period
[1.313s]     """State to stop the robot's motion
[1.313s]     """
[1.313s] ^
[1.313s] 
[1.313s] ./behavior_tree/state_machine1.py:138:1: W293 blank line contains whitespace
[1.313s]         
[1.313s] ^
[1.313s] 
[1.314s] ./behavior_tree/state_machine1.py:139:77: W291 trailing whitespace
[1.314s]         smach.State.__init__(self, outcomes=['manual_reset', 'low_battery'], 
[1.314s]                                                                             ^
[1.314s] 
[1.314s] ./behavior_tree/state_machine1.py:140:60: W291 trailing whitespace
[1.314s]                              output_keys=['battery_level'], 
[1.314s]                                                            ^
[1.314s] 
[1.314s] ./behavior_tree/state_machine1.py:145:1: W293 blank line contains whitespace
[1.314s]         
[1.314s] ^
[1.314s] 
[1.315s] ./behavior_tree/state_machine1.py:151:1: W293 blank line contains whitespace
[1.315s]         
[1.315s] ^
[1.315s] 
[1.315s] ./behavior_tree/state_machine1.py:156:100: E501 line too long (101 > 99 characters)
[1.315s]         # Move the robot and run this command ( ros2 param set /AST_Assignment collision_reset True )
[1.315s]                                                                                                    ^
[1.315s] 
[1.315s] ./behavior_tree/state_machine1.py:157:10: W291 trailing whitespace
[1.316s]         # 
[1.316s]          ^
[1.316s] 
[1.316s] ./behavior_tree/state_machine1.py:158:100: E501 line too long (109 > 99 characters)
[1.316s]         while rclpy.ok() and not self.node.get_parameter('collision_reset').get_parameter_value().bool_value:
[1.316s]                                                                                                    ^
[1.316s] 
[1.316s] ./behavior_tree/state_machine1.py:170:1: W293 blank line contains whitespace
[1.316s]             
[1.316s] ^
[1.317s] 
[1.317s] ./behavior_tree/state_machine1.py:175:1: W293 blank line contains whitespace
[1.317s]         
[1.317s] ^
[1.317s] 
[1.317s] ./behavior_tree/state_machine1.py:180:1: E266 too many leading '#' for block comment
[1.317s] ### YOUR CODE HERE ###
[1.317s] ^
[1.317s] 
[1.318s] ./behavior_tree/state_machine1.py:183:1: D200 One-line docstring should fit on one line with quotes
[1.318s]     """Main function to initialise and execute the state machine
[1.318s]     """
[1.318s] ^
[1.318s] 
[1.318s] ./behavior_tree/state_machine1.py:183:1: D202 No blank lines allowed after function docstring
[1.318s] [33m=============================== warnings summary ===============================[0m
[1.318s] test/test_flake8.py::test_flake8
[1.318s] test/test_flake8.py::test_flake8
[1.319s]   Warning: SelectableGroups dict interface is deprecated. Use select.
[1.319s] 
[1.319s] -- Docs: https://docs.pytest.org/en/stable/warnings.html
[1.319s]     """Main function to initialise and execute the state machine
[1.319s]     """
[1.319s] ^
[1.319s] 
[1.319s] ./behavior_tree/state_machine1.py:183:1: D400 First line should end with a period
[1.319s]     """Main function to initialise and execute the state machine
[1.319s]     """
[1.319s] ^
[1.320s] 
[1.320s] ./behavior_tree/state_machine1.py:183:1: D401 First line should be in imperative mood; try rephrasing
[1.320s]     """Main function to initialise and execute the state machine
[1.320s]     """
[1.320s] ^
[1.320s] 
[1.320s] ./behavior_tree/state_machine1.py:188:1: W293 blank line contains whitespace
[1.320s]     
[1.320s] ^
[1.320s] 
[1.320s] ./behavior_tree/state_machine1.py:198:1: W293 blank line contains whitespace
[1.320s]         
[1.321s] ^
[1.321s] 
[1.321s] ./behavior_tree/state_machine1.py:200:26: E128 continuation line under-indented for visual indent
[1.321s]                          transitions={'low_battery': 'ROTATE_BASE',
[1.321s]                          ^
[1.321s] 
[1.321s] ./behavior_tree/state_machine1.py:203:1: W293 blank line contains whitespace
[1.321s]         
[1.322s] ^
[1.322s] 
[1.322s] ./behavior_tree/state_machine1.py:205:26: E128 continuation line under-indented for visual indent
[1.322s]                          transitions={'battery_ok': 'MONITOR_BATTERY_AND_COLLISION'})
[1.322s]                          ^
[1.322s] 
[1.322s] ./behavior_tree/state_machine1.py:206:1: W293 blank line contains whitespace
[1.322s]         
[1.322s] ^
[1.323s] 
[1.323s] ./behavior_tree/state_machine1.py:208:26: E128 continuation line under-indented for visual indent
[1.323s]                          transitions={'manual_reset': 'MONITOR_BATTERY_AND_COLLISION',
[1.323s]                          ^
[1.323s] 
[1.323s] ./behavior_tree/state_machine1.py:211:5: F841 local variable 'outcome' is assigned to but never used
[1.323s]     outcome = sm.execute()
[1.323s]     ^
[1.323s] 
[1.323s] ./behavior_tree/state_machine1.py:215:1: W293 blank line contains whitespace
[1.323s]     
[1.323s] ^
[1.324s] 
[1.324s] ./behavior_tree/state_machine1.py:218:1: E305 expected 2 blank lines after class or function definition, found 1
[1.324s] if __name__ == "__main__":
[1.324s] ^
[1.324s] 
[1.324s] ./behavior_tree/state_machine1.py:218:16: Q000 Double quotes found but single quotes preferred
[1.324s] if __name__ == "__main__":
[1.324s]                ^
[1.324s] 
[1.324s] ./behavior_tree/state_machine1.py:219:11: W292 no newline at end of file
[1.324s]     main()          ^
[1.324s] 
[1.324s] ./behavior_tree/test.py:3:1: F401 'state_machine1.RotateBase' imported but unused
[1.324s] from state_machine1 import MonitorBatteryAndCollision, RotateBase, StopMotion
[1.325s] ^
[1.325s] 
[1.325s] ./behavior_tree/test.py:3:1: F401 'state_machine1.StopMotion' imported but unused
[1.325s] from state_machine1 import MonitorBatteryAndCollision, RotateBase, StopMotion
[1.325s] ^
[1.325s] 
[1.325s] ./behavior_tree/test.py:3:1: I201 Missing newline between import groups. 'from state_machine1 import MonitorBatteryAndCollision, RotateBase, StopMotion' is identified as Third Party and 'from unittest.mock import MagicMock' is identified as Stdlib.
[1.325s] from state_machine1 import MonitorBatteryAndCollision, RotateBase, StopMotion
[1.325s] ^
[1.325s] 
[1.325s] ./behavior_tree/test.py:5:1: E302 expected 2 blank lines, found 1
[1.325s] class TestMonitorBatteryAndCollision(unittest.TestCase):
[1.325s] ^
[1.326s] 
[1.326s] ./behavior_tree/test.py:6:1: CNL100 Class definition does not have a new line.
[1.326s]     def setUp(self):
[1.326s] ^
[1.326s] 
[1.326s] ./behavior_tree/test.py:19:1: W293 blank line contains whitespace
[1.326s]         
[1.326s] ^
[1.326s] 
[1.327s] ./behavior_tree/test.py:23:1: W293 blank line contains whitespace
[1.327s]         
[1.327s] ^
[1.327s] 
[1.327s] ./behavior_tree/test.py:49:1: E305 expected 2 blank lines after class or function definition, found 1
[1.327s] if __name__ == '__main__':
[1.327s] ^
[1.327s] 
[1.327s] 1     CNL100 Class definition does not have a new line.
[1.327s] 4     D200 One-line docstring should fit on one line with quotes
[1.327s] 1     D202 No blank lines allowed after function docstring
[1.328s] 3     D204 1 blank line required after class docstring
[1.328s] 4     D400 First line should end with a period
[1.328s] 1     D401 First line should be in imperative mood; try rephrasing
[1.328s] 3     E128 continuation line under-indented for visual indent
[1.328s] 3     E266 too many leading '#' for block comment
[1.328s] 1     E301 expected 1 blank line, found 0
[1.328s] 2     E302 expected 2 blank lines, found 1
[1.328s] 1     E303 too many blank lines (4)
[1.328s] 2     E305 expected 2 blank lines after class or function definition, found 1
[1.328s] 6     E501 line too long (107 > 99 characters)
[1.328s] 6     F401 'rclpy.parameter.Parameter' imported but unused
[1.328s] 1     F841 local variable 'outcome' is assigned to but never used
[1.329s] 6     I100 Import statements are in the wrong order. 'from rclpy.parameter import Parameter' should be before 'import smach'
[1.329s] 2     I201 Missing newline between import groups. 'import time' is identified as Stdlib and 'import yaml' is identified as Third Party.
[1.329s] 1     Q000 Double quotes found but single quotes preferred
[1.329s] 6     W291 trailing whitespace
[1.329s] 1     W292 no newline at end of file
[1.329s] 27    W293 blank line contains whitespace
[1.329s] 
[1.329s] 7 files checked
[1.330s] 82 errors
[1.330s] 
[1.330s] 'C'-type errors: 1
[1.330s] 'D'-type errors: 13
[1.330s] 'E'-type errors: 18
[1.330s] 'F'-type errors: 7
[1.330s] 'I'-type errors: 8
[1.330s] 'Q'-type errors: 1
[1.330s] 'W'-type errors: 34
[1.330s] 
[1.331s] Checked files:
[1.331s] 
[1.331s] * ./setup.py
[1.331s] * ./behavior_tree/state_machine1.py
[1.331s] * ./behavior_tree/test.py
[1.331s] * ./behavior_tree/__init__.py
[1.331s] * ./test/test_pep257.py
[1.331s] * ./test/test_flake8.py
[1.331s] * ./test/test_copyright.py
[1.331s] ----------------------------- Captured stderr call -----------------------------
[1.331s] option --max-complexity: please update from optparse string `type=` to argparse callable `type=` -- this will be an error in the future
[1.331s] option --application-import-names: please update from optparse string `type=` to argparse callable `type=` -- this will be an error in the future
[1.332s] option --application-package-names: please update from optparse string `type=` to argparse callable `type=` -- this will be an error in the future
[1.332s] option --import-order-style: please update from optparse string `type=` to argparse callable `type=` -- this will be an error in the future
[1.332s] option --quotes: please update from optparse string `type=` to argparse callable `type=` -- this will be an error in the future
[1.332s] option --inline-quotes: please update from optparse string `type=` to argparse callable `type=` -- this will be an error in the future
[1.332s] option --multiline-quotes: please update from optparse string `type=` to argparse callable `type=` -- this will be an error in the future
[1.332s] option --docstring-quotes: please update from optparse string `type=` to argparse callable `type=` -- this will be an error in the future
[1.332s] [31m[1m_________________________________ test_pep257 __________________________________[0m
[1.332s] [1m[31mtest/test_pep257.py[0m:23: in test_pep257
[1.332s]     [94massert[39;49;00m rc == [94m0[39;49;00m, [33m'[39;49;00m[33mFound code style errors / warnings[39;49;00m[33m'[39;49;00m
[1.332s] [1m[31mE   AssertionError: Found code style errors / warnings[0m
[1.332s] [1m[31mE   assert 1 == 0[0m
[1.332s] ----------------------------- Captured stdout call -----------------------------
[1.332s] checking ./behavior_tree/__init__.py
[1.332s] checking ./behavior_tree/state_machine1.py
[1.332s] ./behavior_tree/state_machine1.py:19 in public class `MonitorBatteryAndCollision`: D200: One-line docstring should fit on one line with quotes (found 2)
[1.332s] ./behavior_tree/state_machine1.py:19 in public class `MonitorBatteryAndCollision`: D204: 1 blank line required after class docstring (found 0)
[1.333s] ./behavior_tree/state_machine1.py:19 in public class `MonitorBatteryAndCollision`: D213: Multi-line docstring summary should start at the second line
[1.333s] ./behavior_tree/state_machine1.py:19 in public class `MonitorBatteryAndCollision`: D400: First line should end with a period (not 's')
[1.333s] ./behavior_tree/state_machine1.py:19 in public class `MonitorBatteryAndCollision`: D415: First line should end with a period, question mark, or exclamation point (not 's')
[1.333s] ./behavior_tree/state_machine1.py:94 in public class `RotateBase`: D200: One-line docstring should fit on one line with quotes (found 2)
[1.333s] ./behavior_tree/state_machine1.py:94 in public class `RotateBase`: D204: 1 blank line required after class docstring (found 0)
[1.333s] ./behavior_tree/state_machine1.py:94 in public class `RotateBase`: D213: Multi-line docstring summary should start at the second line
[1.333s] ./behavior_tree/state_machine1.py:94 in public class `RotateBase`: D400: First line should end with a period (not 'e')
[1.333s] ./behavior_tree/state_machine1.py:94 in public class `RotateBase`: D415: First line should end with a period, question mark, or exclamation point (not 'e')
[1.333s] ./behavior_tree/state_machine1.py:132 in public class `StopMotion`: D200: One-line docstring should fit on one line with quotes (found 2)
[1.333s] ./behavior_tree/state_machine1.py:132 in public class `StopMotion`: D204: 1 blank line required after class docstring (found 0)
[1.333s] ./behavior_tree/state_machine1.py:132 in public class `StopMotion`: D213: Multi-line docstring summary should start at the second line
[1.333s] ./behavior_tree/state_machine1.py:132 in public class `StopMotion`: D400: First line should end with a period (not 'n')
[1.334s] ./behavior_tree/state_machine1.py:132 in public class `StopMotion`: D415: First line should end with a period, question mark, or exclamation point (not 'n')
[1.334s] ./behavior_tree/state_machine1.py:183 in public function `main`: D200: One-line docstring should fit on one line with quotes (found 2)
[1.334s] ./behavior_tree/state_machine1.py:183 in public function `main`: D202: No blank lines allowed after function docstring (found 1)
[1.334s] ./behavior_tree/state_machine1.py:183 in public function `main`: D213: Multi-line docstring summary should start at the second line
[1.334s] ./behavior_tree/state_machine1.py:183 in public function `main`: D400: First line should end with a period (not 'e')
[1.334s] ./behavior_tree/state_machine1.py:183 in public function `main`: D415: First line should end with a period, question mark, or exclamation point (not 'e')
[1.334s] ./behavior_tree/state_machine1.py:183 in public function `main`: D401: First line should be in imperative mood; try rephrasing (found 'Main')
[1.334s] checking ./behavior_tree/test.py
[1.334s] checking ./setup.py
[1.334s] checking ./test/test_copyright.py
[1.334s] checking ./test/test_flake8.py
[1.334s] checking ./test/test_pep257.py
[1.335s] checking test/test_copyright.py
[1.335s] checking test/test_flake8.py
[1.335s] checking test/test_pep257.py
[1.335s] 21 errors
[1.335s] - generated xml file: /home/maira/ros2_ws/src/behavior_tree/build/behavior_tree/pytest.xml -
[1.335s] =========================== short test summary info ============================
[1.335s] FAILED test/test_flake8.py::test_flake8 - AssertionError: Found 82 code style...
[1.335s] FAILED test/test_pep257.py::test_pep257 - AssertionError: Found code style er...
[1.335s] [31m=================== [31m[1m2 failed[0m, [33m1 skipped[0m, [33m2 warnings[0m[31m in 0.47s[0m[31m ===================[0m
[1.484s] Invoked command in '/home/maira/ros2_ws/src/behavior_tree' returned '1': PS1=(env) \[\e]0;\u@\h: \w\a\]${debian_chroot:+($debian_chroot)}\[\033[01;32m\]\u@\h\[\033[00m\]:\[\033[01;34m\]\w\[\033[00m\]\$ PYTEST_ADDOPTS=--tb=short --junit-xml=/home/maira/ros2_ws/src/behavior_tree/build/behavior_tree/pytest.xml --junit-prefix=behavior_tree -o cache_dir=/home/maira/ros2_ws/src/behavior_tree/build/behavior_tree/.pytest_cache PYTHONDONTWRITEBYTECODE=1 VIRTUAL_ENV_PROMPT=(env) /usr/bin/python3 -m pytest
